jun 16, 2017 1:39:13 PM org.apache.catalina.startup.VersionLoggerListener log
INFORMACIÓN: Server version:        Apache Tomcat/7.0.75
jun 16, 2017 1:39:13 PM org.apache.catalina.startup.VersionLoggerListener log
INFORMACIÓN: Server built:          Jan 18 2017 20:54:42 UTC
jun 16, 2017 1:39:13 PM org.apache.catalina.startup.VersionLoggerListener log
INFORMACIÓN: Server number:         7.0.75.0
jun 16, 2017 1:39:13 PM org.apache.catalina.startup.VersionLoggerListener log
INFORMACIÓN: OS Name:               Windows 8.1
jun 16, 2017 1:39:13 PM org.apache.catalina.startup.VersionLoggerListener log
INFORMACIÓN: OS Version:            6.3
jun 16, 2017 1:39:13 PM org.apache.catalina.startup.VersionLoggerListener log
INFORMACIÓN: Architecture:          amd64
jun 16, 2017 1:39:13 PM org.apache.catalina.startup.VersionLoggerListener log
INFORMACIÓN: Java Home:             C:\Program Files\Java\jdk1.8.0_112\jre
jun 16, 2017 1:39:13 PM org.apache.catalina.startup.VersionLoggerListener log
INFORMACIÓN: JVM Version:           1.8.0_112-b15
jun 16, 2017 1:39:13 PM org.apache.catalina.startup.VersionLoggerListener log
INFORMACIÓN: JVM Vendor:            Oracle Corporation
jun 16, 2017 1:39:13 PM org.apache.catalina.startup.VersionLoggerListener log
INFORMACIÓN: CATALINA_BASE:         C:\Users\Rosmerita\Desktop\TESIS\apache-tomcat-7.0.75
jun 16, 2017 1:39:13 PM org.apache.catalina.startup.VersionLoggerListener log
INFORMACIÓN: CATALINA_HOME:         C:\Users\Rosmerita\Desktop\TESIS\apache-tomcat-7.0.75
jun 16, 2017 1:39:13 PM org.apache.catalina.startup.VersionLoggerListener log
INFORMACIÓN: Command line argument: -Djava.util.logging.config.file=C:\Users\Rosmerita\Desktop\TESIS\apache-tomcat-7.0.75\conf\logging.properties
jun 16, 2017 1:39:13 PM org.apache.catalina.startup.VersionLoggerListener log
INFORMACIÓN: Command line argument: -Djava.util.logging.manager=org.apache.juli.ClassLoaderLogManager
jun 16, 2017 1:39:13 PM org.apache.catalina.startup.VersionLoggerListener log
INFORMACIÓN: Command line argument: -Dhttp.nonProxyHosts=localhost|127.0.0.1|pc
jun 16, 2017 1:39:13 PM org.apache.catalina.startup.VersionLoggerListener log
INFORMACIÓN: Command line argument: -Djdk.tls.ephemeralDHKeySize=2048
jun 16, 2017 1:39:13 PM org.apache.catalina.startup.VersionLoggerListener log
INFORMACIÓN: Command line argument: -Djava.endorsed.dirs=C:\Users\Rosmerita\Desktop\TESIS\apache-tomcat-7.0.75\endorsed
jun 16, 2017 1:39:13 PM org.apache.catalina.startup.VersionLoggerListener log
INFORMACIÓN: Command line argument: -Dcatalina.base=C:\Users\Rosmerita\Desktop\TESIS\apache-tomcat-7.0.75
jun 16, 2017 1:39:13 PM org.apache.catalina.startup.VersionLoggerListener log
INFORMACIÓN: Command line argument: -Dcatalina.home=C:\Users\Rosmerita\Desktop\TESIS\apache-tomcat-7.0.75
jun 16, 2017 1:39:13 PM org.apache.catalina.startup.VersionLoggerListener log
INFORMACIÓN: Command line argument: -Djava.io.tmpdir=C:\Users\Rosmerita\Desktop\TESIS\apache-tomcat-7.0.75\temp
jun 16, 2017 1:39:13 PM org.apache.catalina.core.AprLifecycleListener lifecycleEvent
INFORMACIÓN: La biblioteca nativa de Apache Tomcat basada en ARP que permite un rendimiento óptimo en entornos de desarrollo no ha sido hallada en java.library.path: C:\Program Files\Java\jdk1.8.0_112\bin;C:\Windows\Sun\Java\bin;C:\Windows\system32;C:\Windows;C:\ProgramData\Oracle\Java\javapath;C:\Program Files\MiKTeX 2.9\miktex\bin\x64;C:\Windows\system32;C:\Windows;C:\Windows\System32\Wbem;C:\Windows\System32\WindowsPowerShell\v1.0\;C:\Program Files\MATLAB\R2013a\runtime\win64;C:\Program Files\MATLAB\R2013a\bin;C:\Program Files\Git\cmd;C:\Program Files\nodejs\;C:\Users\Rosmerita\Anaconda3;C:\Users\Rosmerita\Anaconda3\Scripts;C:\Users\Rosmerita\Anaconda3\Library\bin;C:\Users\Rosmerita\AppData\Local\atom\bin;C:\Users\Rosmerita\AppData\Roaming\npm;.
jun 16, 2017 1:39:13 PM org.apache.coyote.AbstractProtocol init
INFORMACIÓN: Initializing ProtocolHandler ["http-bio-8080"]
jun 16, 2017 1:39:13 PM org.apache.coyote.AbstractProtocol init
INFORMACIÓN: Initializing ProtocolHandler ["ajp-bio-8009"]
jun 16, 2017 1:39:13 PM org.apache.catalina.startup.Catalina load
INFORMACIÓN: Initialization processed in 1119 ms
jun 16, 2017 1:39:13 PM org.apache.catalina.core.StandardService startInternal
INFORMACIÓN: Arrancando servicio Catalina
jun 16, 2017 1:39:13 PM org.apache.catalina.core.StandardEngine startInternal
INFORMACIÓN: Starting Servlet Engine: Apache Tomcat/7.0.75
jun 16, 2017 1:39:13 PM org.apache.catalina.startup.HostConfig deployDescriptor
INFORMACIÓN: Desplieque del descriptor de configuración C:\Users\Rosmerita\Desktop\TESIS\apache-tomcat-7.0.75\conf\Catalina\localhost\appdel.xml
jun 16, 2017 1:39:14 PM org.apache.catalina.startup.TldConfig execute
INFORMACIÓN: At least one JAR was scanned for TLDs yet contained no TLDs. Enable debug logging for this logger for a complete list of JARs that were scanned but no TLDs were found in them. Skipping unneeded JARs during scanning can improve startup time and JSP compilation time.
jun 16, 2017 1:39:14 PM org.apache.catalina.util.SessionIdGeneratorBase createSecureRandom
INFORMACIÓN: Creation of SecureRandom instance for session ID generation using [SHA1PRNG] took [143] milliseconds.
jun 16, 2017 1:39:14 PM org.apache.catalina.startup.HostConfig deployDescriptor
INFORMACIÓN: Deployment of configuration descriptor C:\Users\Rosmerita\Desktop\TESIS\apache-tomcat-7.0.75\conf\Catalina\localhost\appdel.xml has finished in 1.325 ms
jun 16, 2017 1:39:14 PM org.apache.catalina.startup.HostConfig deployDirectory
INFORMACIÓN: Despliegue del directorio C:\Users\Rosmerita\Desktop\TESIS\apache-tomcat-7.0.75\webapps\docs de la aplicación web
jun 16, 2017 1:39:14 PM org.apache.catalina.startup.TldConfig execute
INFORMACIÓN: At least one JAR was scanned for TLDs yet contained no TLDs. Enable debug logging for this logger for a complete list of JARs that were scanned but no TLDs were found in them. Skipping unneeded JARs during scanning can improve startup time and JSP compilation time.
jun 16, 2017 1:39:14 PM org.apache.catalina.startup.HostConfig deployDirectory
INFORMACIÓN: Deployment of web application directory C:\Users\Rosmerita\Desktop\TESIS\apache-tomcat-7.0.75\webapps\docs has finished in 103 ms
jun 16, 2017 1:39:14 PM org.apache.catalina.startup.HostConfig deployDirectory
INFORMACIÓN: Despliegue del directorio C:\Users\Rosmerita\Desktop\TESIS\apache-tomcat-7.0.75\webapps\examples de la aplicación web
jun 16, 2017 1:39:17 PM org.apache.catalina.startup.TldConfig execute
INFORMACIÓN: At least one JAR was scanned for TLDs yet contained no TLDs. Enable debug logging for this logger for a complete list of JARs that were scanned but no TLDs were found in them. Skipping unneeded JARs during scanning can improve startup time and JSP compilation time.
jun 16, 2017 1:39:18 PM org.apache.catalina.startup.HostConfig deployDirectory
INFORMACIÓN: Deployment of web application directory C:\Users\Rosmerita\Desktop\TESIS\apache-tomcat-7.0.75\webapps\examples has finished in 3.032 ms
jun 16, 2017 1:39:18 PM org.apache.catalina.startup.HostConfig deployDirectory
INFORMACIÓN: Despliegue del directorio C:\Users\Rosmerita\Desktop\TESIS\apache-tomcat-7.0.75\webapps\host-manager de la aplicación web
jun 16, 2017 1:39:18 PM org.apache.catalina.startup.TldConfig execute
INFORMACIÓN: At least one JAR was scanned for TLDs yet contained no TLDs. Enable debug logging for this logger for a complete list of JARs that were scanned but no TLDs were found in them. Skipping unneeded JARs during scanning can improve startup time and JSP compilation time.
jun 16, 2017 1:39:18 PM org.apache.catalina.startup.HostConfig deployDirectory
INFORMACIÓN: Deployment of web application directory C:\Users\Rosmerita\Desktop\TESIS\apache-tomcat-7.0.75\webapps\host-manager has finished in 96 ms
jun 16, 2017 1:39:18 PM org.apache.catalina.startup.HostConfig deployDirectory
INFORMACIÓN: Despliegue del directorio C:\Users\Rosmerita\Desktop\TESIS\apache-tomcat-7.0.75\webapps\manager de la aplicación web
jun 16, 2017 1:39:18 PM org.apache.catalina.startup.TldConfig execute
INFORMACIÓN: At least one JAR was scanned for TLDs yet contained no TLDs. Enable debug logging for this logger for a complete list of JARs that were scanned but no TLDs were found in them. Skipping unneeded JARs during scanning can improve startup time and JSP compilation time.
jun 16, 2017 1:39:18 PM org.apache.catalina.startup.HostConfig deployDirectory
INFORMACIÓN: Deployment of web application directory C:\Users\Rosmerita\Desktop\TESIS\apache-tomcat-7.0.75\webapps\manager has finished in 103 ms
jun 16, 2017 1:39:18 PM org.apache.catalina.startup.HostConfig deployDirectory
INFORMACIÓN: Despliegue del directorio C:\Users\Rosmerita\Desktop\TESIS\apache-tomcat-7.0.75\webapps\ROOT de la aplicación web
jun 16, 2017 1:39:18 PM org.apache.catalina.startup.TldConfig execute
INFORMACIÓN: At least one JAR was scanned for TLDs yet contained no TLDs. Enable debug logging for this logger for a complete list of JARs that were scanned but no TLDs were found in them. Skipping unneeded JARs during scanning can improve startup time and JSP compilation time.
jun 16, 2017 1:39:18 PM org.apache.catalina.startup.HostConfig deployDirectory
INFORMACIÓN: Deployment of web application directory C:\Users\Rosmerita\Desktop\TESIS\apache-tomcat-7.0.75\webapps\ROOT has finished in 91 ms
jun 16, 2017 1:39:18 PM org.apache.coyote.AbstractProtocol start
INFORMACIÓN: Starting ProtocolHandler ["http-bio-8080"]
jun 16, 2017 1:39:18 PM org.apache.coyote.AbstractProtocol start
INFORMACIÓN: Starting ProtocolHandler ["ajp-bio-8009"]
jun 16, 2017 1:39:18 PM org.apache.catalina.startup.Catalina start
INFORMACIÓN: Server startup in 4866 ms
jun 16, 2017 2:04:35 PM org.apache.catalina.core.StandardContext reload
INFORMACIÓN: Ha comenzado la recarga de Contexto [/appdel]
jun 16, 2017 2:04:35 PM org.apache.catalina.loader.WebappClassLoaderBase clearReferencesJdbc
GRAVE: La aplicación web [/appdel] registró el conductor JDBC [org.postgresql.Driver] pero falló al anular el registro mientras la aplicación web estaba parada. Para prevenir un fallo de memoria, se ha anulado el registro del conductor JDBC por la fuerza.
jun 16, 2017 2:04:36 PM org.apache.catalina.startup.TldConfig execute
INFORMACIÓN: At least one JAR was scanned for TLDs yet contained no TLDs. Enable debug logging for this logger for a complete list of JARs that were scanned but no TLDs were found in them. Skipping unneeded JARs during scanning can improve startup time and JSP compilation time.
jun 16, 2017 2:04:36 PM org.apache.catalina.core.StandardContext reload
INFORMACIÓN: Se ha completado la recarga de este Contexto
jun 16, 2017 2:25:27 PM org.apache.catalina.core.StandardServer await
INFORMACIÓN: Se ha recibido un comando de apagado a través del puerto de apagado. Parando la instancia del Servidor.
jun 16, 2017 2:25:27 PM org.apache.coyote.AbstractProtocol pause
INFORMACIÓN: Pausing ProtocolHandler ["http-bio-8080"]
jun 16, 2017 2:25:28 PM org.apache.coyote.AbstractProtocol pause
INFORMACIÓN: Pausing ProtocolHandler ["ajp-bio-8009"]
jun 16, 2017 2:25:28 PM org.apache.catalina.core.StandardService stopInternal
INFORMACIÓN: Parando servicio Catalina
jun 16, 2017 2:25:28 PM org.apache.catalina.loader.WebappClassLoaderBase clearReferencesJdbc
GRAVE: La aplicación web [/appdel] registró el conductor JDBC [org.postgresql.Driver] pero falló al anular el registro mientras la aplicación web estaba parada. Para prevenir un fallo de memoria, se ha anulado el registro del conductor JDBC por la fuerza.
jun 16, 2017 2:25:28 PM org.apache.coyote.AbstractProtocol stop
INFORMACIÓN: Stopping ProtocolHandler ["http-bio-8080"]
jun 16, 2017 2:25:28 PM org.apache.coyote.AbstractProtocol stop
INFORMACIÓN: Stopping ProtocolHandler ["ajp-bio-8009"]
jun 16, 2017 2:25:28 PM org.apache.coyote.AbstractProtocol destroy
INFORMACIÓN: Destroying ProtocolHandler ["http-bio-8080"]
jun 16, 2017 2:25:28 PM org.apache.coyote.AbstractProtocol destroy
INFORMACIÓN: Destroying ProtocolHandler ["ajp-bio-8009"]
jun 16, 2017 2:41:02 PM org.apache.catalina.startup.VersionLoggerListener log
INFORMACIÓN: Server version:        Apache Tomcat/7.0.75
jun 16, 2017 2:41:02 PM org.apache.catalina.startup.VersionLoggerListener log
INFORMACIÓN: Server built:          Jan 18 2017 20:54:42 UTC
jun 16, 2017 2:41:02 PM org.apache.catalina.startup.VersionLoggerListener log
INFORMACIÓN: Server number:         7.0.75.0
jun 16, 2017 2:41:02 PM org.apache.catalina.startup.VersionLoggerListener log
INFORMACIÓN: OS Name:               Windows 8.1
jun 16, 2017 2:41:02 PM org.apache.catalina.startup.VersionLoggerListener log
INFORMACIÓN: OS Version:            6.3
jun 16, 2017 2:41:02 PM org.apache.catalina.startup.VersionLoggerListener log
INFORMACIÓN: Architecture:          amd64
jun 16, 2017 2:41:02 PM org.apache.catalina.startup.VersionLoggerListener log
INFORMACIÓN: Java Home:             C:\Program Files\Java\jdk1.8.0_112\jre
jun 16, 2017 2:41:02 PM org.apache.catalina.startup.VersionLoggerListener log
INFORMACIÓN: JVM Version:           1.8.0_112-b15
jun 16, 2017 2:41:02 PM org.apache.catalina.startup.VersionLoggerListener log
INFORMACIÓN: JVM Vendor:            Oracle Corporation
jun 16, 2017 2:41:02 PM org.apache.catalina.startup.VersionLoggerListener log
INFORMACIÓN: CATALINA_BASE:         C:\Users\Rosmerita\Desktop\TESIS\apache-tomcat-7.0.75
jun 16, 2017 2:41:02 PM org.apache.catalina.startup.VersionLoggerListener log
INFORMACIÓN: CATALINA_HOME:         C:\Users\Rosmerita\Desktop\TESIS\apache-tomcat-7.0.75
jun 16, 2017 2:41:02 PM org.apache.catalina.startup.VersionLoggerListener log
INFORMACIÓN: Command line argument: -Djava.util.logging.config.file=C:\Users\Rosmerita\Desktop\TESIS\apache-tomcat-7.0.75\conf\logging.properties
jun 16, 2017 2:41:02 PM org.apache.catalina.startup.VersionLoggerListener log
INFORMACIÓN: Command line argument: -Djava.util.logging.manager=org.apache.juli.ClassLoaderLogManager
jun 16, 2017 2:41:02 PM org.apache.catalina.startup.VersionLoggerListener log
INFORMACIÓN: Command line argument: -Dhttp.nonProxyHosts=localhost|127.0.0.1|pc
jun 16, 2017 2:41:02 PM org.apache.catalina.startup.VersionLoggerListener log
INFORMACIÓN: Command line argument: -Djdk.tls.ephemeralDHKeySize=2048
jun 16, 2017 2:41:02 PM org.apache.catalina.startup.VersionLoggerListener log
INFORMACIÓN: Command line argument: -Djava.endorsed.dirs=C:\Users\Rosmerita\Desktop\TESIS\apache-tomcat-7.0.75\endorsed
jun 16, 2017 2:41:02 PM org.apache.catalina.startup.VersionLoggerListener log
INFORMACIÓN: Command line argument: -Dcatalina.base=C:\Users\Rosmerita\Desktop\TESIS\apache-tomcat-7.0.75
jun 16, 2017 2:41:02 PM org.apache.catalina.startup.VersionLoggerListener log
INFORMACIÓN: Command line argument: -Dcatalina.home=C:\Users\Rosmerita\Desktop\TESIS\apache-tomcat-7.0.75
jun 16, 2017 2:41:02 PM org.apache.catalina.startup.VersionLoggerListener log
INFORMACIÓN: Command line argument: -Djava.io.tmpdir=C:\Users\Rosmerita\Desktop\TESIS\apache-tomcat-7.0.75\temp
jun 16, 2017 2:41:02 PM org.apache.catalina.core.AprLifecycleListener lifecycleEvent
INFORMACIÓN: La biblioteca nativa de Apache Tomcat basada en ARP que permite un rendimiento óptimo en entornos de desarrollo no ha sido hallada en java.library.path: C:\Program Files\Java\jdk1.8.0_112\bin;C:\Windows\Sun\Java\bin;C:\Windows\system32;C:\Windows;C:\ProgramData\Oracle\Java\javapath;C:\Program Files\MiKTeX 2.9\miktex\bin\x64;C:\Windows\system32;C:\Windows;C:\Windows\System32\Wbem;C:\Windows\System32\WindowsPowerShell\v1.0\;C:\Program Files\MATLAB\R2013a\runtime\win64;C:\Program Files\MATLAB\R2013a\bin;C:\Program Files\Git\cmd;C:\Program Files\nodejs\;C:\Users\Rosmerita\Anaconda3;C:\Users\Rosmerita\Anaconda3\Scripts;C:\Users\Rosmerita\Anaconda3\Library\bin;C:\Users\Rosmerita\AppData\Local\atom\bin;C:\Users\Rosmerita\AppData\Roaming\npm;.
jun 16, 2017 2:41:02 PM org.apache.coyote.AbstractProtocol init
INFORMACIÓN: Initializing ProtocolHandler ["http-bio-8080"]
jun 16, 2017 2:41:02 PM org.apache.coyote.AbstractProtocol init
INFORMACIÓN: Initializing ProtocolHandler ["ajp-bio-8009"]
jun 16, 2017 2:41:02 PM org.apache.catalina.startup.Catalina load
INFORMACIÓN: Initialization processed in 605 ms
jun 16, 2017 2:41:02 PM org.apache.catalina.core.StandardService startInternal
INFORMACIÓN: Arrancando servicio Catalina
jun 16, 2017 2:41:02 PM org.apache.catalina.core.StandardEngine startInternal
INFORMACIÓN: Starting Servlet Engine: Apache Tomcat/7.0.75
jun 16, 2017 2:41:02 PM org.apache.catalina.startup.HostConfig deployDescriptor
INFORMACIÓN: Desplieque del descriptor de configuración C:\Users\Rosmerita\Desktop\TESIS\apache-tomcat-7.0.75\conf\Catalina\localhost\appdel.xml
jun 16, 2017 2:41:03 PM org.apache.catalina.startup.TldConfig execute
INFORMACIÓN: At least one JAR was scanned for TLDs yet contained no TLDs. Enable debug logging for this logger for a complete list of JARs that were scanned but no TLDs were found in them. Skipping unneeded JARs during scanning can improve startup time and JSP compilation time.
jun 16, 2017 2:41:03 PM org.apache.catalina.util.SessionIdGeneratorBase createSecureRandom
INFORMACIÓN: Creation of SecureRandom instance for session ID generation using [SHA1PRNG] took [106] milliseconds.
jun 16, 2017 2:41:03 PM org.apache.catalina.startup.HostConfig deployDescriptor
INFORMACIÓN: Deployment of configuration descriptor C:\Users\Rosmerita\Desktop\TESIS\apache-tomcat-7.0.75\conf\Catalina\localhost\appdel.xml has finished in 1.083 ms
jun 16, 2017 2:41:03 PM org.apache.catalina.startup.HostConfig deployDirectory
INFORMACIÓN: Despliegue del directorio C:\Users\Rosmerita\Desktop\TESIS\apache-tomcat-7.0.75\webapps\docs de la aplicación web
jun 16, 2017 2:41:03 PM org.apache.catalina.startup.TldConfig execute
INFORMACIÓN: At least one JAR was scanned for TLDs yet contained no TLDs. Enable debug logging for this logger for a complete list of JARs that were scanned but no TLDs were found in them. Skipping unneeded JARs during scanning can improve startup time and JSP compilation time.
jun 16, 2017 2:41:03 PM org.apache.catalina.startup.HostConfig deployDirectory
INFORMACIÓN: Deployment of web application directory C:\Users\Rosmerita\Desktop\TESIS\apache-tomcat-7.0.75\webapps\docs has finished in 84 ms
jun 16, 2017 2:41:03 PM org.apache.catalina.startup.HostConfig deployDirectory
INFORMACIÓN: Despliegue del directorio C:\Users\Rosmerita\Desktop\TESIS\apache-tomcat-7.0.75\webapps\examples de la aplicación web
jun 16, 2017 2:41:04 PM org.apache.catalina.startup.TldConfig execute
INFORMACIÓN: At least one JAR was scanned for TLDs yet contained no TLDs. Enable debug logging for this logger for a complete list of JARs that were scanned but no TLDs were found in them. Skipping unneeded JARs during scanning can improve startup time and JSP compilation time.
jun 16, 2017 2:41:04 PM org.apache.catalina.startup.HostConfig deployDirectory
INFORMACIÓN: Deployment of web application directory C:\Users\Rosmerita\Desktop\TESIS\apache-tomcat-7.0.75\webapps\examples has finished in 405 ms
jun 16, 2017 2:41:04 PM org.apache.catalina.startup.HostConfig deployDirectory
INFORMACIÓN: Despliegue del directorio C:\Users\Rosmerita\Desktop\TESIS\apache-tomcat-7.0.75\webapps\host-manager de la aplicación web
jun 16, 2017 2:41:04 PM org.apache.catalina.startup.TldConfig execute
INFORMACIÓN: At least one JAR was scanned for TLDs yet contained no TLDs. Enable debug logging for this logger for a complete list of JARs that were scanned but no TLDs were found in them. Skipping unneeded JARs during scanning can improve startup time and JSP compilation time.
jun 16, 2017 2:41:04 PM org.apache.catalina.startup.HostConfig deployDirectory
INFORMACIÓN: Deployment of web application directory C:\Users\Rosmerita\Desktop\TESIS\apache-tomcat-7.0.75\webapps\host-manager has finished in 123 ms
jun 16, 2017 2:41:04 PM org.apache.catalina.startup.HostConfig deployDirectory
INFORMACIÓN: Despliegue del directorio C:\Users\Rosmerita\Desktop\TESIS\apache-tomcat-7.0.75\webapps\manager de la aplicación web
jun 16, 2017 2:41:04 PM org.apache.catalina.startup.TldConfig execute
INFORMACIÓN: At least one JAR was scanned for TLDs yet contained no TLDs. Enable debug logging for this logger for a complete list of JARs that were scanned but no TLDs were found in them. Skipping unneeded JARs during scanning can improve startup time and JSP compilation time.
jun 16, 2017 2:41:04 PM org.apache.catalina.startup.HostConfig deployDirectory
INFORMACIÓN: Deployment of web application directory C:\Users\Rosmerita\Desktop\TESIS\apache-tomcat-7.0.75\webapps\manager has finished in 102 ms
jun 16, 2017 2:41:04 PM org.apache.catalina.startup.HostConfig deployDirectory
INFORMACIÓN: Despliegue del directorio C:\Users\Rosmerita\Desktop\TESIS\apache-tomcat-7.0.75\webapps\ROOT de la aplicación web
jun 16, 2017 2:41:04 PM org.apache.catalina.startup.TldConfig execute
INFORMACIÓN: At least one JAR was scanned for TLDs yet contained no TLDs. Enable debug logging for this logger for a complete list of JARs that were scanned but no TLDs were found in them. Skipping unneeded JARs during scanning can improve startup time and JSP compilation time.
jun 16, 2017 2:41:04 PM org.apache.catalina.startup.HostConfig deployDirectory
INFORMACIÓN: Deployment of web application directory C:\Users\Rosmerita\Desktop\TESIS\apache-tomcat-7.0.75\webapps\ROOT has finished in 89 ms
jun 16, 2017 2:41:04 PM org.apache.coyote.AbstractProtocol start
INFORMACIÓN: Starting ProtocolHandler ["http-bio-8080"]
jun 16, 2017 2:41:04 PM org.apache.coyote.AbstractProtocol start
INFORMACIÓN: Starting ProtocolHandler ["ajp-bio-8009"]
jun 16, 2017 2:41:04 PM org.apache.catalina.startup.Catalina start
INFORMACIÓN: Server startup in 1980 ms
jun 16, 2017 2:41:07 PM org.apache.catalina.startup.HostConfig undeploy
INFORMACIÓN: Repliegue (undeploy) de la aplicación web que tiene como trayectoria de contexto /appdel
jun 16, 2017 2:41:07 PM org.apache.catalina.startup.HostConfig deployDescriptor
INFORMACIÓN: Desplieque del descriptor de configuración C:\Users\Rosmerita\Desktop\TESIS\apache-tomcat-7.0.75\conf\Catalina\localhost\appdel.xml
jun 16, 2017 2:41:08 PM org.apache.catalina.startup.TldConfig execute
INFORMACIÓN: At least one JAR was scanned for TLDs yet contained no TLDs. Enable debug logging for this logger for a complete list of JARs that were scanned but no TLDs were found in them. Skipping unneeded JARs during scanning can improve startup time and JSP compilation time.
jun 16, 2017 2:41:08 PM org.apache.catalina.startup.HostConfig deployDescriptor
INFORMACIÓN: Deployment of configuration descriptor C:\Users\Rosmerita\Desktop\TESIS\apache-tomcat-7.0.75\conf\Catalina\localhost\appdel.xml has finished in 1.036 ms
jun 16, 2017 2:41:08 PM org.apache.catalina.util.LifecycleBase start
INFORMACIÓN: The start() method was called on component [StandardEngine[Catalina].StandardHost[localhost].StandardContext[/appdel]] after start() had already been called. The second call will be ignored.
jun 16, 2017 2:48:36 PM org.apache.catalina.core.StandardServer await
INFORMACIÓN: Se ha recibido un comando de apagado a través del puerto de apagado. Parando la instancia del Servidor.
jun 16, 2017 2:48:36 PM org.apache.coyote.AbstractProtocol pause
INFORMACIÓN: Pausing ProtocolHandler ["http-bio-8080"]
jun 16, 2017 2:48:37 PM org.apache.coyote.AbstractProtocol pause
INFORMACIÓN: Pausing ProtocolHandler ["ajp-bio-8009"]
jun 16, 2017 2:48:37 PM org.apache.catalina.core.StandardService stopInternal
INFORMACIÓN: Parando servicio Catalina
jun 16, 2017 2:48:37 PM org.apache.catalina.loader.WebappClassLoaderBase clearReferencesJdbc
GRAVE: La aplicación web [/appdel] registró el conductor JDBC [org.postgresql.Driver] pero falló al anular el registro mientras la aplicación web estaba parada. Para prevenir un fallo de memoria, se ha anulado el registro del conductor JDBC por la fuerza.
jun 16, 2017 2:48:37 PM org.apache.coyote.AbstractProtocol stop
INFORMACIÓN: Stopping ProtocolHandler ["http-bio-8080"]
jun 16, 2017 2:48:37 PM org.apache.coyote.AbstractProtocol stop
INFORMACIÓN: Stopping ProtocolHandler ["ajp-bio-8009"]
jun 16, 2017 2:48:37 PM org.apache.coyote.AbstractProtocol destroy
INFORMACIÓN: Destroying ProtocolHandler ["http-bio-8080"]
jun 16, 2017 2:48:37 PM org.apache.coyote.AbstractProtocol destroy
INFORMACIÓN: Destroying ProtocolHandler ["ajp-bio-8009"]
