jun 16, 2017 1:39:18 PM org.apache.catalina.core.ApplicationContext log
INFORMACIÓN: Manager: init: Associated with Deployer 'Catalina:type=Deployer,host=localhost'
jun 16, 2017 1:39:18 PM org.apache.catalina.core.ApplicationContext log
INFORMACIÓN: Manager: init: Global resources are available
jun 16, 2017 1:39:18 PM org.apache.catalina.core.ApplicationContext log
INFORMACIÓN: Manager: list: Listing contexts for virtual host 'localhost'
jun 16, 2017 1:39:19 PM org.apache.catalina.core.ApplicationContext log
INFORMACIÓN: Manager: list: Listing contexts for virtual host 'localhost'
jun 16, 2017 2:04:35 PM org.apache.catalina.core.ApplicationContext log
INFORMACIÓN: Manager: list: Listing contexts for virtual host 'localhost'
jun 16, 2017 2:04:35 PM org.apache.catalina.core.ApplicationContext log
INFORMACIÓN: Manager: restart: Reloading web application '/appdel'
jun 16, 2017 2:41:06 PM org.apache.catalina.core.ApplicationContext log
INFORMACIÓN: Manager: init: Associated with Deployer 'Catalina:type=Deployer,host=localhost'
jun 16, 2017 2:41:06 PM org.apache.catalina.core.ApplicationContext log
INFORMACIÓN: Manager: init: Global resources are available
jun 16, 2017 2:41:06 PM org.apache.catalina.core.ApplicationContext log
INFORMACIÓN: Manager: list: Listing contexts for virtual host 'localhost'
jun 16, 2017 2:41:06 PM org.apache.catalina.core.ApplicationContext log
INFORMACIÓN: Manager: undeploy: Undeploying web application at '/appdel'
jun 16, 2017 2:41:07 PM org.apache.catalina.core.ApplicationContext log
INFORMACIÓN: Manager: install: Installing context configuration at 'file:/C:/Users/ROSMER~1/AppData/Local/Temp/context7867908964776548753.xml'
jun 16, 2017 2:41:08 PM org.apache.catalina.core.ApplicationContext log
INFORMACIÓN: Manager: start: Starting web application '/appdel'
